<?xml version="1.0" encoding="UTF-8"?>
<testng-results ignored="0" total="1" passed="1" failed="0" skipped="0">
  <reporter-output>
  </reporter-output>
  <suite started-at="2024-05-13T02:19:07 IST" name="Suite" finished-at="2024-05-13T02:19:49 IST" duration-ms="41571">
    <groups>
    </groups>
    <test started-at="2024-05-13T02:19:07 IST" name="Test" finished-at="2024-05-13T02:19:49 IST" duration-ms="41571">
      <class name="task.NewTest">
        <test-method is-config="true" signature="beforeTest()[pri:0, instance:task.NewTest@3e694b3f]" started-at="2024-05-13T02:19:07 IST" name="beforeTest" finished-at="2024-05-13T02:19:08 IST" duration-ms="867" status="PASS">
          <reporter-output>
          </reporter-output>
        </test-method> <!-- beforeTest -->
        <test-method is-config="true" signature="beforeMethod(java.lang.reflect.Method)[pri:0, instance:task.NewTest@3e694b3f]" started-at="2024-05-13T02:19:08 IST" name="beforeMethod" finished-at="2024-05-13T02:19:42 IST" duration-ms="33826" status="PASS">
          <params>
            <param index="0">
              <value>
                <![CDATA[public void task.NewTest.targetTest()]]>
              </value>
            </param>
          </params>
          <reporter-output>
          </reporter-output>
        </test-method> <!-- beforeMethod -->
        <test-method signature="targetTest()[pri:0, instance:task.NewTest@3e694b3f]" started-at="2024-05-13T02:19:42 IST" name="targetTest" finished-at="2024-05-13T02:19:45 IST" duration-ms="3660" status="PASS">
          <reporter-output>
          </reporter-output>
        </test-method> <!-- targetTest -->
        <test-method is-config="true" signature="afterMethod(org.testng.ITestResult)[pri:0, instance:task.NewTest@3e694b3f]" started-at="2024-05-13T02:19:46 IST" name="afterMethod" finished-at="2024-05-13T02:19:46 IST" duration-ms="24" status="PASS">
          <params>
            <param index="0">
              <value>
                <![CDATA[[TestResult name=targetTest status=SUCCESS method=NewTest.targetTest()[pri:0, instance:task.NewTest@3e694b3f] output={null}]]]>
              </value>
            </param>
          </params>
          <reporter-output>
          </reporter-output>
        </test-method> <!-- afterMethod -->
        <test-method is-config="true" signature="afterTest()[pri:0, instance:task.NewTest@3e694b3f]" started-at="2024-05-13T02:19:46 IST" name="afterTest" finished-at="2024-05-13T02:19:49 IST" duration-ms="2478" status="PASS">
          <reporter-output>
          </reporter-output>
        </test-method> <!-- afterTest -->
      </class> <!-- task.NewTest -->
    </test> <!-- Test -->
  </suite> <!-- Suite -->
</testng-results>
